<?xml version="1.0" encoding="UTF-8"?>
<testng-results ignored="0" total="2" passed="2" failed="0" skipped="0">
  <reporter-output>
  </reporter-output>
  <suite started-at="2023-03-30T12:43:59 IST" name="Default suite" finished-at="2023-03-30T12:43:59 IST" duration-ms="85">
    <groups>
    </groups>
    <test started-at="2023-03-30T12:43:59 IST" name="Default test" finished-at="2023-03-30T12:43:59 IST" duration-ms="85">
      <class name="src.com.ust.test.NewTest">
        <test-method is-config="true" signature="beforeTest()[pri:0, instance:src.com.ust.test.NewTest@3eb7fc54]" started-at="2023-03-30T12:43:59 IST" name="beforeTest" finished-at="2023-03-30T12:43:59 IST" duration-ms="11" status="PASS">
          <reporter-output>
          </reporter-output>
        </test-method> <!-- beforeTest -->
        <test-method signature="f()[pri:1, instance:src.com.ust.test.NewTest@3eb7fc54]" started-at="2023-03-30T12:43:59 IST" name="f" finished-at="2023-03-30T12:43:59 IST" duration-ms="9" status="PASS">
          <reporter-output>
          </reporter-output>
        </test-method> <!-- f -->
        <test-method signature="a()[pri:2, instance:src.com.ust.test.NewTest@3eb7fc54]" started-at="2023-03-30T12:43:59 IST" name="a" description="tests description" finished-at="2023-03-30T12:43:59 IST" duration-ms="1" status="PASS">
          <reporter-output>
          </reporter-output>
        </test-method> <!-- a -->
        <test-method is-config="true" signature="afterTest()[pri:0, instance:src.com.ust.test.NewTest@3eb7fc54]" started-at="2023-03-30T12:43:59 IST" name="afterTest" finished-at="2023-03-30T12:43:59 IST" duration-ms="1" status="PASS">
          <reporter-output>
          </reporter-output>
        </test-method> <!-- afterTest -->
      </class> <!-- src.com.ust.test.NewTest -->
    </test> <!-- Default test -->
  </suite> <!-- Default suite -->
</testng-results>
